<?xml version="1.0" encoding="UTF-8"?>
<!-- Generated by org.testng.reporters.JUnitReportReporter -->
<testsuite hostname="DESKTOP-LAGUD7Q" failures="0" tests="2" name="com.testscenarios.Testcase_19_DataDriverByDataProvider" time="29.071" errors="0" timestamp="2022-11-28T22:32:50 IST" skipped="0">
  <testcase classname="com.testscenarios.Testcase_19_DataDriverByDataProvider" name="LoginTest" time="16.279"/>
  <system-out/>
  <testcase classname="com.testscenarios.Testcase_19_DataDriverByDataProvider" name="LoginTest" time="12.792"/>
  <system-out/>
</testsuite> <!-- com.testscenarios.Testcase_19_DataDriverByDataProvider -->
